2024-10-06 22:45:50,434 INFO (ParamUtil.java:89)- [settings] [req-serv] nacos-server port:8848
2024-10-06 22:45:50,439 INFO (ParamUtil.java:92)- [settings] [http-client] connect timeout:1000
2024-10-06 22:45:50,442 INFO (ParamUtil.java:97)- PER_TASK_CONFIG_SIZE: 3000.0
2024-10-06 22:45:50,444 INFO (CredentialWatcher.java:189)- null No credential found
2024-10-06 22:45:50,505 INFO (DefaultLabelsCollectorManager.java:48)- DefaultLabelsCollectorManager get labels.....
2024-10-06 22:45:50,505 INFO (DefaultLabelsCollectorManager.java:62)- Process LabelsCollector with [name:defaultNacosLabelsCollector]
2024-10-06 22:45:50,505 INFO (DefaultLabelsCollector.java:62)- default nacos collect properties raw labels: null
2024-10-06 22:45:50,507 INFO (DefaultLabelsCollector.java:69)- default nacos collect properties labels: {}
2024-10-06 22:45:50,508 INFO (DefaultLabelsCollector.java:72)- default nacos collect jvm raw labels: null
2024-10-06 22:45:50,508 INFO (DefaultLabelsCollector.java:78)- default nacos collect jvm labels: {}
2024-10-06 22:45:50,508 INFO (DefaultLabelsCollector.java:81)- default nacos collect env raw labels: null
2024-10-06 22:45:50,508 INFO (DefaultLabelsCollector.java:89)- default nacos collect env labels: {}
2024-10-06 22:45:50,509 INFO (DefaultLabelsCollectorManager.java:50)- DefaultLabelsCollectorManager get labels finished,labels :{}
2024-10-06 22:45:50,528 INFO (ClientAuthPluginManager.java:56)- [ClientAuthPluginManager] Load ClientAuthService com.alibaba.nacos.client.auth.impl.NacosClientAuthServiceImpl success.
2024-10-06 22:45:50,529 INFO (ClientAuthPluginManager.java:56)- [ClientAuthPluginManager] Load ClientAuthService com.alibaba.nacos.client.auth.ram.RamClientAuthServiceImpl success.
2024-10-06 22:45:50,542 INFO (LocalConfigInfoProcessor.java:65)- LOCAL_SNAPSHOT_PATH:C:\Users\86134\nacos\config
2024-10-06 22:45:50,550 INFO (RpcClientFactory.java:118)- [RpcClientFactory] create a new rpc client of baf00098-194d-45c7-bda8-1e814329fcd7_config-0
2024-10-06 22:45:50,607 INFO (LoggerUtils.java:63)- [baf00098-194d-45c7-bda8-1e814329fcd7_config-0] Register server push request handler:com.alibaba.nacos.client.config.impl.ClientWorker$ConfigRpcTransportClient$$Lambda/0x0000012e0139d208
2024-10-06 22:45:50,608 INFO (LoggerUtils.java:63)- [baf00098-194d-45c7-bda8-1e814329fcd7_config-0] Register server push request handler:com.alibaba.nacos.client.config.impl.ClientWorker$ConfigRpcTransportClient$$Lambda/0x0000012e0139d628
2024-10-06 22:45:50,609 INFO (LoggerUtils.java:63)- [baf00098-194d-45c7-bda8-1e814329fcd7_config-0] Registry connection listener to current client:com.alibaba.nacos.client.config.impl.ClientWorker$ConfigRpcTransportClient$1
2024-10-06 22:45:50,611 INFO (LoggerUtils.java:63)- [baf00098-194d-45c7-bda8-1e814329fcd7_config-0] RpcClient init, ServerListFactory = com.alibaba.nacos.client.config.impl.ClientWorker$ConfigRpcTransportClient$2
2024-10-06 22:45:50,627 INFO (LoggerUtils.java:63)- [baf00098-194d-45c7-bda8-1e814329fcd7_config-0] Try to connect to server on start up, server: {serverIp = '117.72.77.186', server main port = 8848}
2024-10-06 22:45:50,728 INFO (GrpcClient.java:210)- grpc client connection server:117.72.77.186 ip,serverPort:9848,grpcTslConfig:{"sslProvider":"","enableTls":false,"mutualAuthEnable":false,"trustAll":false}
2024-10-06 22:45:53,439 INFO (AbstractAbilityControlManager.java:61)- Ready to get current node abilities...
2024-10-06 22:45:53,443 INFO (AbstractAbilityControlManager.java:89)- Ready to initialize current node abilities, support modes: [SDK_CLIENT]
2024-10-06 22:45:53,445 INFO (AbstractAbilityControlManager.java:94)- Initialize current abilities finish...
2024-10-06 22:45:53,445 INFO (NacosAbilityManagerHolder.java:85)- [AbilityControlManager] Successfully initialize AbilityControlManager
2024-10-06 22:45:54,144 INFO (LoggerUtils.java:63)- [baf00098-194d-45c7-bda8-1e814329fcd7_config-0] Success to connect to server [117.72.77.186:8848] on start up, connectionId = 1728225981013_112.96.82.131_65190
2024-10-06 22:45:54,146 INFO (LoggerUtils.java:63)- [baf00098-194d-45c7-bda8-1e814329fcd7_config-0] Notify connected event to listeners.
2024-10-06 22:45:54,147 INFO (LoggerUtils.java:63)- [baf00098-194d-45c7-bda8-1e814329fcd7_config-0] Register server push request handler:com.alibaba.nacos.common.remote.client.RpcClient$ConnectResetRequestHandler
2024-10-06 22:45:54,147 INFO (ClientWorker.java:713)- [baf00098-194d-45c7-bda8-1e814329fcd7_config-0] Connected,notify listen context...
2024-10-06 22:45:54,147 INFO (LoggerUtils.java:63)- [baf00098-194d-45c7-bda8-1e814329fcd7_config-0] Register server push request handler:com.alibaba.nacos.common.remote.client.RpcClient$$Lambda/0x0000012e01542fe8
2024-10-06 22:45:54,287 INFO (Limiter.java:55)- limitTime:5.0
2024-10-06 22:45:54,384 INFO (JvmUtil.java:59)- isMultiInstance:false
2024-10-06 22:45:54,731 WARN (NacosPropertySourceBuilder.java:97)- Ignore the empty nacos configuration and get it based on dataId[author-service] & group[DEFAULT_GROUP]
2024-10-06 22:45:54,799 WARN (NacosPropertySourceBuilder.java:97)- Ignore the empty nacos configuration and get it based on dataId[author-service.yml] & group[DEFAULT_GROUP]
2024-10-06 22:45:54,861 WARN (NacosPropertySourceBuilder.java:97)- Ignore the empty nacos configuration and get it based on dataId[author-service-common.yml] & group[DEFAULT_GROUP]
2024-10-06 22:45:54,930 WARN (NacosPropertySourceBuilder.java:97)- Ignore the empty nacos configuration and get it based on dataId[author-service-dev.yml] & group[DEFAULT_GROUP]
2024-10-06 22:45:54,931 INFO (PropertySourceBootstrapConfiguration.java:133)- Located property source: [BootstrapPropertySource {name='bootstrapProperties-author-service-dev.yml,DEFAULT_GROUP'}, BootstrapPropertySource {name='bootstrapProperties-author-service-common.yml,DEFAULT_GROUP'}, BootstrapPropertySource {name='bootstrapProperties-author-service.yml,DEFAULT_GROUP'}, BootstrapPropertySource {name='bootstrapProperties-author-service,DEFAULT_GROUP'}, BootstrapPropertySource {name='bootstrapProperties-spring-book-rabbitmq.yml,DEFAULT_GROUP'}, BootstrapPropertySource {name='bootstrapProperties-spring-book-redis.yml,DEFAULT_GROUP'}, BootstrapPropertySource {name='bootstrapProperties-spring-book-mysql.yml,DEFAULT_GROUP'}]
2024-10-06 22:45:54,946 INFO (SpringApplication.java:660)- The following 2 profiles are active: "common", "dev"
2024-10-06 22:45:57,399 INFO (RepositoryConfigurationDelegate.java:295)- Multiple Spring Data modules found, entering strict repository configuration mode
2024-10-06 22:45:57,406 INFO (RepositoryConfigurationDelegate.java:143)- Bootstrapping Spring Data Redis repositories in DEFAULT mode.
2024-10-06 22:45:57,457 INFO (RepositoryConfigurationDelegate.java:211)- Finished Spring Data repository scanning in 21 ms. Found 0 Redis repository interfaces.
2024-10-06 22:45:57,953 INFO (GenericScope.java:282)- BeanFactory id=d6391c0d-24d1-3fc8-89f7-33390695406b
2024-10-06 22:45:59,346 WARN (PostProcessorRegistrationDelegate.java:429)- Bean 'org.springframework.cloud.client.loadbalancer.LoadBalancerAutoConfiguration$DeferringLoadBalancerInterceptorConfig' of type [org.springframework.cloud.client.loadbalancer.LoadBalancerAutoConfiguration$DeferringLoadBalancerInterceptorConfig] is not eligible for getting processed by all BeanPostProcessors (for example: not eligible for auto-proxying). The currently created BeanPostProcessor [lbRestClientPostProcessor] is declared through a non-static factory method on that class; consider declaring it as static instead.
2024-10-06 22:45:59,353 WARN (PostProcessorRegistrationDelegate.java:437)- Bean 'deferringLoadBalancerInterceptor' of type [org.springframework.cloud.client.loadbalancer.DeferringLoadBalancerInterceptor] is not eligible for getting processed by all BeanPostProcessors (for example: not eligible for auto-proxying). Is this bean getting eagerly injected into a currently created BeanPostProcessor [lbRestClientPostProcessor]? Check the corresponding BeanPostProcessor declaration and its dependencies.
2024-10-06 22:45:59,836 WARN (Bootstrap.java:68)- UT026010: Buffer pool was not set on WebSocketDeploymentInfo, the default pool will be used
2024-10-06 22:45:59,890 INFO (ServletContextImpl.java:372)- Initializing Spring embedded WebApplicationContext
2024-10-06 22:45:59,890 INFO (ServletWebServerApplicationContext.java:296)- Root WebApplicationContext: initialization completed in 4895 ms
2024-10-06 22:46:01,467 INFO (FeignClientFactoryBean.java:468)- For 'book-service' URL not provided. Will try picking an instance via load-balancing.
2024-10-06 22:46:02,074 INFO (Version.java:43)- Redisson 3.36.0
2024-10-06 22:46:03,103 INFO (ConnectionsHolder.java:130)- 1 connections initialized for 117.72.77.186/117.72.77.186:6379
2024-10-06 22:46:06,578 INFO (ConnectionsHolder.java:130)- 24 connections initialized for 117.72.77.186/117.72.77.186:6379
2024-10-06 22:46:07,026 INFO (SentinelWebMvcConfigurer.java:52)- [Sentinel Starter] register SentinelWebInterceptor with urlPatterns: [/**].
2024-10-06 22:46:10,462 INFO (EndpointLinksResolver.java:60)- Exposing 21 endpoints beneath base path '/actuator'
2024-10-06 22:46:10,721 INFO (Undertow.java:120)- starting server: Undertow - 2.3.17.Final
2024-10-06 22:46:10,743 INFO (Xnio.java:95)- XNIO version 3.8.16.Final
2024-10-06 22:46:10,766 INFO (NioXnio.java:58)- XNIO NIO Implementation Version 3.8.16.Final
2024-10-06 22:46:10,838 INFO (Version.java:55)- JBoss Threads version 3.5.0.Final
2024-10-06 22:46:10,978 INFO (UndertowWebServer.java:121)- Undertow started on port 9010 (http) with context path '/'
2024-10-06 22:46:10,985 INFO (InitUtils.java:62)- initializer namespace from ans.namespace attribute : null
2024-10-06 22:46:10,986 INFO (InitUtils.java:66)- initializer namespace from ALIBABA_ALIWARE_NAMESPACE attribute :null
2024-10-06 22:46:10,986 INFO (InitUtils.java:73)- initializer namespace from namespace attribute :null
2024-10-06 22:46:10,997 INFO (FailoverReactor.java:74)- FailoverDataSource type is class com.alibaba.nacos.client.naming.backups.datasource.DiskFailoverDataSource
2024-10-06 22:46:11,008 INFO (ClientAuthPluginManager.java:56)- [ClientAuthPluginManager] Load ClientAuthService com.alibaba.nacos.client.auth.impl.NacosClientAuthServiceImpl success.
2024-10-06 22:46:11,008 INFO (ClientAuthPluginManager.java:56)- [ClientAuthPluginManager] Load ClientAuthService com.alibaba.nacos.client.auth.ram.RamClientAuthServiceImpl success.
2024-10-06 22:46:11,015 INFO (RpcClientFactory.java:118)- [RpcClientFactory] create a new rpc client of be3d3a3d-ba90-431c-ba81-a47162248095
2024-10-06 22:46:11,019 INFO (NamingGrpcClientProxy.java:109)- Create naming rpc client for uuid->be3d3a3d-ba90-431c-ba81-a47162248095
2024-10-06 22:46:11,020 INFO (LoggerUtils.java:63)- [be3d3a3d-ba90-431c-ba81-a47162248095] RpcClient init, ServerListFactory = com.alibaba.nacos.client.naming.core.ServerListManager
2024-10-06 22:46:11,020 INFO (LoggerUtils.java:63)- [be3d3a3d-ba90-431c-ba81-a47162248095] Registry connection listener to current client:com.alibaba.nacos.client.naming.remote.gprc.redo.NamingGrpcRedoService
2024-10-06 22:46:11,021 INFO (LoggerUtils.java:63)- [be3d3a3d-ba90-431c-ba81-a47162248095] Register server push request handler:com.alibaba.nacos.client.naming.remote.gprc.NamingPushRequestHandler
2024-10-06 22:46:11,021 INFO (LoggerUtils.java:63)- [be3d3a3d-ba90-431c-ba81-a47162248095] Try to connect to server on start up, server: {serverIp = '117.72.77.186', server main port = 8848}
2024-10-06 22:46:11,022 INFO (GrpcClient.java:210)- grpc client connection server:117.72.77.186 ip,serverPort:9848,grpcTslConfig:{"sslProvider":"","enableTls":false,"mutualAuthEnable":false,"trustAll":false}
2024-10-06 22:46:11,354 INFO (LoggerUtils.java:63)- [be3d3a3d-ba90-431c-ba81-a47162248095] Success to connect to server [117.72.77.186:8848] on start up, connectionId = 1728225999906_112.96.82.131_4574
2024-10-06 22:46:11,354 INFO (LoggerUtils.java:63)- [be3d3a3d-ba90-431c-ba81-a47162248095] Notify connected event to listeners.
2024-10-06 22:46:11,354 INFO (LoggerUtils.java:63)- [be3d3a3d-ba90-431c-ba81-a47162248095] Register server push request handler:com.alibaba.nacos.common.remote.client.RpcClient$ConnectResetRequestHandler
2024-10-06 22:46:11,354 INFO (NamingGrpcRedoService.java:90)- Grpc connection connect
2024-10-06 22:46:11,354 INFO (LoggerUtils.java:63)- [be3d3a3d-ba90-431c-ba81-a47162248095] Register server push request handler:com.alibaba.nacos.common.remote.client.RpcClient$$Lambda/0x0000012e01542fe8
2024-10-06 22:46:11,357 INFO (NamingGrpcClientProxy.java:133)- [REGISTER-SERVICE] public registering service author-service with instance Instance{instanceId='null', ip='192.168.5.1', port=9010, weight=1.0, healthy=true, enabled=true, ephemeral=true, clusterName='', serviceName='null', metadata={IPv6=[2408:8459:4e90:3e5d:e8fb:4778:dc07:f82c], preserved.register.source=SPRING_CLOUD}}
2024-10-06 22:46:11,445 INFO (NacosServiceRegistry.java:76)- nacos registry, DEFAULT_GROUP author-service 192.168.5.1:9010 register finished
2024-10-06 22:46:11,465 INFO (StartupInfoLogger.java:56)- Started AuthorApplication in 23.409 seconds (process running for 25.26)
2024-10-06 22:46:11,473 INFO (CacheData.java:72)- config listener notify warn timeout millis use default 60000 millis 
2024-10-06 22:46:11,473 INFO (CacheData.java:99)- nacos.cache.data.init.snapshot = true 
2024-10-06 22:46:11,480 INFO (ClientWorker.java:416)- [fixed-117.72.77.186_8848] [subscribe] spring-book-rabbitmq.yml+DEFAULT_GROUP
2024-10-06 22:46:11,504 INFO (CacheData.java:236)- [fixed-117.72.77.186_8848] [add-listener] ok, tenant=, dataId=spring-book-rabbitmq.yml, group=DEFAULT_GROUP, cnt=1
2024-10-06 22:46:11,504 INFO (NacosContextRefresher.java:140)- [Nacos Config] Listening config: dataId=spring-book-rabbitmq.yml, group=DEFAULT_GROUP
2024-10-06 22:46:11,505 INFO (ClientWorker.java:416)- [fixed-117.72.77.186_8848] [subscribe] author-service-dev.yml+DEFAULT_GROUP
2024-10-06 22:46:11,506 INFO (CacheData.java:236)- [fixed-117.72.77.186_8848] [add-listener] ok, tenant=, dataId=author-service-dev.yml, group=DEFAULT_GROUP, cnt=1
2024-10-06 22:46:11,506 INFO (NacosContextRefresher.java:140)- [Nacos Config] Listening config: dataId=author-service-dev.yml, group=DEFAULT_GROUP
2024-10-06 22:46:11,506 INFO (ClientWorker.java:416)- [fixed-117.72.77.186_8848] [subscribe] author-service.yml+DEFAULT_GROUP
2024-10-06 22:46:11,507 INFO (CacheData.java:236)- [fixed-117.72.77.186_8848] [add-listener] ok, tenant=, dataId=author-service.yml, group=DEFAULT_GROUP, cnt=1
2024-10-06 22:46:11,507 INFO (NacosContextRefresher.java:140)- [Nacos Config] Listening config: dataId=author-service.yml, group=DEFAULT_GROUP
2024-10-06 22:46:11,507 INFO (ClientWorker.java:416)- [fixed-117.72.77.186_8848] [subscribe] author-service-common.yml+DEFAULT_GROUP
2024-10-06 22:46:11,508 INFO (CacheData.java:236)- [fixed-117.72.77.186_8848] [add-listener] ok, tenant=, dataId=author-service-common.yml, group=DEFAULT_GROUP, cnt=1
2024-10-06 22:46:11,508 INFO (NacosContextRefresher.java:140)- [Nacos Config] Listening config: dataId=author-service-common.yml, group=DEFAULT_GROUP
2024-10-06 22:46:11,516 INFO (ClientWorker.java:416)- [fixed-117.72.77.186_8848] [subscribe] spring-book-redis.yml+DEFAULT_GROUP
2024-10-06 22:46:11,517 INFO (CacheData.java:236)- [fixed-117.72.77.186_8848] [add-listener] ok, tenant=, dataId=spring-book-redis.yml, group=DEFAULT_GROUP, cnt=1
2024-10-06 22:46:11,517 INFO (NacosContextRefresher.java:140)- [Nacos Config] Listening config: dataId=spring-book-redis.yml, group=DEFAULT_GROUP
2024-10-06 22:46:11,525 INFO (ClientWorker.java:416)- [fixed-117.72.77.186_8848] [subscribe] spring-book-mysql.yml+DEFAULT_GROUP
2024-10-06 22:46:11,525 INFO (CacheData.java:236)- [fixed-117.72.77.186_8848] [add-listener] ok, tenant=, dataId=spring-book-mysql.yml, group=DEFAULT_GROUP, cnt=1
2024-10-06 22:46:11,525 INFO (NacosContextRefresher.java:140)- [Nacos Config] Listening config: dataId=spring-book-mysql.yml, group=DEFAULT_GROUP
2024-10-06 22:46:11,526 INFO (ClientWorker.java:416)- [fixed-117.72.77.186_8848] [subscribe] author-service+DEFAULT_GROUP
2024-10-06 22:46:11,526 INFO (CacheData.java:236)- [fixed-117.72.77.186_8848] [add-listener] ok, tenant=, dataId=author-service, group=DEFAULT_GROUP, cnt=1
2024-10-06 22:46:11,526 INFO (NacosContextRefresher.java:140)- [Nacos Config] Listening config: dataId=author-service, group=DEFAULT_GROUP
2024-10-06 22:56:37,396 INFO (ServletContextImpl.java:372)- Initializing Spring DispatcherServlet 'dispatcherServlet'
2024-10-06 22:56:37,398 INFO (FrameworkServlet.java:532)- Initializing Servlet 'dispatcherServlet'
2024-10-06 22:56:37,403 INFO (FrameworkServlet.java:554)- Completed initialization in 4 ms
2024-10-06 22:56:38,297 INFO (HikariDataSource.java:109)- HikariPool-1 - Starting...
2024-10-06 22:56:39,074 INFO (HikariPool.java:554)- HikariPool-1 - Added connection com.mysql.cj.jdbc.ConnectionImpl@4297d098
2024-10-06 22:56:39,088 INFO (HikariDataSource.java:122)- HikariPool-1 - Start completed.
2024-10-06 22:56:39,101 DEBUG (BaseJdbcLogger.java:135)- ==>  Preparing: SELECT id,user_id,invite_code,pen_name,tel_phone,chat_account,email,work_direction,status,create_time,update_time FROM author_info WHERE (user_id = ?) limit 1
2024-10-06 22:56:39,145 DEBUG (BaseJdbcLogger.java:135)- ==> Parameters: null
2024-10-06 22:56:39,268 DEBUG (BaseJdbcLogger.java:135)- <==      Total: 0
2024-10-06 22:56:39,299 DEBUG (BaseJdbcLogger.java:135)- ==>  Preparing: INSERT INTO author_info ( invite_code, pen_name, tel_phone, chat_account, email, work_direction, create_time, update_time ) VALUES ( ?, ?, ?, ?, ?, ?, ?, ? )
2024-10-06 22:56:39,302 DEBUG (BaseJdbcLogger.java:135)- ==> Parameters: 0(String), Ct(String), 13415148310(String), 2393300434(String), 2393300434@qq.com(String), 0(Integer), 2024-10-06T22:56:39.291012100(LocalDateTime), 2024-10-06T22:56:39.291012100(LocalDateTime)
2024-10-06 22:56:39,625 ERROR (CommonExceptionHandler.java:43)- 
### Error updating database.  Cause: java.sql.SQLException: Field 'user_id' doesn't have a default value
### The error may exist in com/cuctut/author/dao/mapper/AuthorInfoMapper.java (best guess)
### The error may involve com.cuctut.author.dao.mapper.AuthorInfoMapper.insert-Inline
### The error occurred while setting parameters
### SQL: INSERT INTO author_info  ( invite_code, pen_name, tel_phone, chat_account, email, work_direction,  create_time, update_time )  VALUES (  ?, ?, ?, ?, ?, ?,  ?, ?  )
### Cause: java.sql.SQLException: Field 'user_id' doesn't have a default value
; Field 'user_id' doesn't have a default value
org.springframework.dao.DataIntegrityViolationException: 
### Error updating database.  Cause: java.sql.SQLException: Field 'user_id' doesn't have a default value
### The error may exist in com/cuctut/author/dao/mapper/AuthorInfoMapper.java (best guess)
### The error may involve com.cuctut.author.dao.mapper.AuthorInfoMapper.insert-Inline
### The error occurred while setting parameters
### SQL: INSERT INTO author_info  ( invite_code, pen_name, tel_phone, chat_account, email, work_direction,  create_time, update_time )  VALUES (  ?, ?, ?, ?, ?, ?,  ?, ?  )
### Cause: java.sql.SQLException: Field 'user_id' doesn't have a default value
; Field 'user_id' doesn't have a default value
	at org.springframework.jdbc.support.SQLErrorCodeSQLExceptionTranslator.doTranslate(SQLErrorCodeSQLExceptionTranslator.java:258)
	at org.springframework.jdbc.support.AbstractFallbackSQLExceptionTranslator.translate(AbstractFallbackSQLExceptionTranslator.java:107)
	at org.mybatis.spring.MyBatisExceptionTranslator.translateExceptionIfPossible(MyBatisExceptionTranslator.java:93)
	at org.mybatis.spring.SqlSessionTemplate$SqlSessionInterceptor.invoke(SqlSessionTemplate.java:347)
	at jdk.proxy2/jdk.proxy2.$Proxy131.insert(Unknown Source)
	at org.mybatis.spring.SqlSessionTemplate.insert(SqlSessionTemplate.java:224)
	at com.baomidou.mybatisplus.core.override.MybatisMapperMethod.execute(MybatisMapperMethod.java:59)
	at com.baomidou.mybatisplus.core.override.MybatisMapperProxy$PlainMethodInvoker.invoke(MybatisMapperProxy.java:152)
	at com.baomidou.mybatisplus.core.override.MybatisMapperProxy.invoke(MybatisMapperProxy.java:89)
	at jdk.proxy2/jdk.proxy2.$Proxy134.insert(Unknown Source)
	at com.cuctut.author.service.impl.AuthorServiceImpl.register(AuthorServiceImpl.java:50)
	at com.cuctut.author.controller.AuthorController.register(AuthorController.java:53)
	at java.base/jdk.internal.reflect.DirectMethodHandleAccessor.invoke(DirectMethodHandleAccessor.java:103)
	at java.base/java.lang.reflect.Method.invoke(Method.java:580)
	at org.springframework.web.method.support.InvocableHandlerMethod.doInvoke(InvocableHandlerMethod.java:255)
	at org.springframework.web.method.support.InvocableHandlerMethod.invokeForRequest(InvocableHandlerMethod.java:188)
	at org.springframework.web.servlet.mvc.method.annotation.ServletInvocableHandlerMethod.invokeAndHandle(ServletInvocableHandlerMethod.java:118)
	at org.springframework.web.servlet.mvc.method.annotation.RequestMappingHandlerAdapter.invokeHandlerMethod(RequestMappingHandlerAdapter.java:926)
	at org.springframework.web.servlet.mvc.method.annotation.RequestMappingHandlerAdapter.handleInternal(RequestMappingHandlerAdapter.java:831)
	at org.springframework.web.servlet.mvc.method.AbstractHandlerMethodAdapter.handle(AbstractHandlerMethodAdapter.java:87)
	at org.springframework.web.servlet.DispatcherServlet.doDispatch(DispatcherServlet.java:1089)
	at org.springframework.web.servlet.DispatcherServlet.doService(DispatcherServlet.java:979)
	at org.springframework.web.servlet.FrameworkServlet.processRequest(FrameworkServlet.java:1014)
	at org.springframework.web.servlet.FrameworkServlet.doPost(FrameworkServlet.java:914)
	at jakarta.servlet.http.HttpServlet.service(HttpServlet.java:547)
	at org.springframework.web.servlet.FrameworkServlet.service(FrameworkServlet.java:885)
	at jakarta.servlet.http.HttpServlet.service(HttpServlet.java:614)
	at io.undertow.servlet.handlers.ServletHandler.handleRequest(ServletHandler.java:74)
	at io.undertow.servlet.handlers.FilterHandler$FilterChainImpl.doFilter(FilterHandler.java:129)
	at com.cuctut.config.filter.XssFilter.doFilter(XssFilter.java:48)
	at io.undertow.servlet.core.ManagedFilter.doFilter(ManagedFilter.java:67)
	at io.undertow.servlet.handlers.FilterHandler$FilterChainImpl.doFilter(FilterHandler.java:131)
	at org.springframework.web.filter.RequestContextFilter.doFilterInternal(RequestContextFilter.java:100)
	at org.springframework.web.filter.OncePerRequestFilter.doFilter(OncePerRequestFilter.java:116)
	at io.undertow.servlet.core.ManagedFilter.doFilter(ManagedFilter.java:67)
	at io.undertow.servlet.handlers.FilterHandler$FilterChainImpl.doFilter(FilterHandler.java:131)
	at org.springframework.web.filter.FormContentFilter.doFilterInternal(FormContentFilter.java:93)
	at org.springframework.web.filter.OncePerRequestFilter.doFilter(OncePerRequestFilter.java:116)
	at io.undertow.servlet.core.ManagedFilter.doFilter(ManagedFilter.java:67)
	at io.undertow.servlet.handlers.FilterHandler$FilterChainImpl.doFilter(FilterHandler.java:131)
	at org.springframework.web.filter.ServerHttpObservationFilter.doFilterInternal(ServerHttpObservationFilter.java:113)
	at org.springframework.web.filter.OncePerRequestFilter.doFilter(OncePerRequestFilter.java:116)
	at io.undertow.servlet.core.ManagedFilter.doFilter(ManagedFilter.java:67)
	at io.undertow.servlet.handlers.FilterHandler$FilterChainImpl.doFilter(FilterHandler.java:131)
	at org.springframework.web.filter.CharacterEncodingFilter.doFilterInternal(CharacterEncodingFilter.java:201)
	at org.springframework.web.filter.OncePerRequestFilter.doFilter(OncePerRequestFilter.java:116)
	at io.undertow.servlet.core.ManagedFilter.doFilter(ManagedFilter.java:67)
	at io.undertow.servlet.handlers.FilterHandler$FilterChainImpl.doFilter(FilterHandler.java:131)
	at io.undertow.servlet.handlers.FilterHandler.handleRequest(FilterHandler.java:84)
	at io.undertow.servlet.handlers.security.ServletSecurityRoleHandler.handleRequest(ServletSecurityRoleHandler.java:62)
	at io.undertow.servlet.handlers.ServletChain$1.handleRequest(ServletChain.java:68)
	at io.undertow.servlet.handlers.ServletDispatchingHandler.handleRequest(ServletDispatchingHandler.java:36)
	at io.undertow.servlet.handlers.RedirectDirHandler.handleRequest(RedirectDirHandler.java:68)
	at io.undertow.servlet.handlers.security.SSLInformationAssociationHandler.handleRequest(SSLInformationAssociationHandler.java:117)
	at io.undertow.servlet.handlers.security.ServletAuthenticationCallHandler.handleRequest(ServletAuthenticationCallHandler.java:57)
	at io.undertow.server.handlers.PredicateHandler.handleRequest(PredicateHandler.java:43)
	at io.undertow.security.handlers.AbstractConfidentialityHandler.handleRequest(AbstractConfidentialityHandler.java:46)
	at io.undertow.servlet.handlers.security.ServletConfidentialityConstraintHandler.handleRequest(ServletConfidentialityConstraintHandler.java:64)
	at io.undertow.security.handlers.AuthenticationMechanismsHandler.handleRequest(AuthenticationMechanismsHandler.java:60)
	at io.undertow.servlet.handlers.security.CachedAuthenticatedSessionHandler.handleRequest(CachedAuthenticatedSessionHandler.java:77)
	at io.undertow.security.handlers.AbstractSecurityContextAssociationHandler.handleRequest(AbstractSecurityContextAssociationHandler.java:43)
	at io.undertow.server.handlers.PredicateHandler.handleRequest(PredicateHandler.java:43)
	at io.undertow.servlet.handlers.SendErrorPageHandler.handleRequest(SendErrorPageHandler.java:52)
	at io.undertow.server.handlers.PredicateHandler.handleRequest(PredicateHandler.java:43)
	at io.undertow.servlet.handlers.ServletInitialHandler.handleFirstRequest(ServletInitialHandler.java:276)
	at io.undertow.servlet.handlers.ServletInitialHandler$2.call(ServletInitialHandler.java:135)
	at io.undertow.servlet.handlers.ServletInitialHandler$2.call(ServletInitialHandler.java:132)
	at io.undertow.servlet.core.ServletRequestContextThreadSetupAction$1.call(ServletRequestContextThreadSetupAction.java:48)
	at io.undertow.servlet.core.ContextClassLoaderSetupAction$1.call(ContextClassLoaderSetupAction.java:43)
	at io.undertow.servlet.handlers.ServletInitialHandler.dispatchRequest(ServletInitialHandler.java:256)
	at io.undertow.servlet.handlers.ServletInitialHandler$1.handleRequest(ServletInitialHandler.java:101)
	at io.undertow.server.Connectors.executeRootHandler(Connectors.java:395)
	at io.undertow.server.HttpServerExchange$1.run(HttpServerExchange.java:859)
	at org.jboss.threads.ContextHandler$1.runWith(ContextHandler.java:18)
	at org.jboss.threads.EnhancedQueueExecutor$Task.run(EnhancedQueueExecutor.java:2513)
	at org.jboss.threads.EnhancedQueueExecutor$ThreadBody.run(EnhancedQueueExecutor.java:1512)
	at org.xnio.XnioWorker$WorkerThreadFactory$1$1.run(XnioWorker.java:1282)
	at java.base/java.lang.Thread.run(Thread.java:1583)
Caused by: java.sql.SQLException: Field 'user_id' doesn't have a default value
	at com.mysql.cj.jdbc.exceptions.SQLError.createSQLException(SQLError.java:130)
	at com.mysql.cj.jdbc.exceptions.SQLExceptionsMapping.translateException(SQLExceptionsMapping.java:122)
	at com.mysql.cj.jdbc.ClientPreparedStatement.executeInternal(ClientPreparedStatement.java:912)
	at com.mysql.cj.jdbc.ClientPreparedStatement.execute(ClientPreparedStatement.java:354)
	at com.zaxxer.hikari.pool.ProxyPreparedStatement.execute(ProxyPreparedStatement.java:44)
	at com.zaxxer.hikari.pool.HikariProxyPreparedStatement.execute(HikariProxyPreparedStatement.java)
	at java.base/jdk.internal.reflect.DirectMethodHandleAccessor.invoke(DirectMethodHandleAccessor.java:103)
	at java.base/java.lang.reflect.Method.invoke(Method.java:580)
	at org.apache.ibatis.logging.jdbc.PreparedStatementLogger.invoke(PreparedStatementLogger.java:58)
	at jdk.proxy3/jdk.proxy3.$Proxy182.execute(Unknown Source)
	at org.apache.ibatis.executor.statement.PreparedStatementHandler.update(PreparedStatementHandler.java:48)
	at org.apache.ibatis.executor.statement.RoutingStatementHandler.update(RoutingStatementHandler.java:75)
	at java.base/jdk.internal.reflect.DirectMethodHandleAccessor.invoke(DirectMethodHandleAccessor.java:103)
	at java.base/java.lang.reflect.Method.invoke(Method.java:580)
	at org.apache.ibatis.plugin.Plugin.invoke(Plugin.java:61)
	at jdk.proxy2/jdk.proxy2.$Proxy180.update(Unknown Source)
	at org.apache.ibatis.executor.SimpleExecutor.doUpdate(SimpleExecutor.java:50)
	at org.apache.ibatis.executor.BaseExecutor.update(BaseExecutor.java:117)
	at org.apache.ibatis.executor.CachingExecutor.update(CachingExecutor.java:76)
	at java.base/jdk.internal.reflect.DirectMethodHandleAccessor.invoke(DirectMethodHandleAccessor.java:103)
	at java.base/java.lang.reflect.Method.invoke(Method.java:580)
	at org.apache.ibatis.plugin.Invocation.proceed(Invocation.java:61)
	at com.baomidou.mybatisplus.extension.plugins.MybatisPlusInterceptor.intercept(MybatisPlusInterceptor.java:106)
	at org.apache.ibatis.plugin.Plugin.invoke(Plugin.java:59)
	at jdk.proxy2/jdk.proxy2.$Proxy179.update(Unknown Source)
	at org.apache.ibatis.session.defaults.DefaultSqlSession.update(DefaultSqlSession.java:197)
	at org.apache.ibatis.session.defaults.DefaultSqlSession.insert(DefaultSqlSession.java:184)
	at java.base/jdk.internal.reflect.DirectMethodHandleAccessor.invoke(DirectMethodHandleAccessor.java:103)
	at java.base/java.lang.reflect.Method.invoke(Method.java:580)
	at org.mybatis.spring.SqlSessionTemplate$SqlSessionInterceptor.invoke(SqlSessionTemplate.java:333)
	... 74 common frames omitted
2024-10-06 22:57:58,198 DEBUG (BaseJdbcLogger.java:135)- ==>  Preparing: SELECT id,user_id,invite_code,pen_name,tel_phone,chat_account,email,work_direction,status,create_time,update_time FROM author_info WHERE (user_id = ?) limit 1
2024-10-06 22:57:58,201 DEBUG (BaseJdbcLogger.java:135)- ==> Parameters: 1(Long)
2024-10-06 22:57:58,262 DEBUG (BaseJdbcLogger.java:135)- <==      Total: 0
2024-10-06 22:57:58,263 DEBUG (BaseJdbcLogger.java:135)- ==>  Preparing: INSERT INTO author_info ( user_id, invite_code, pen_name, tel_phone, chat_account, email, work_direction, create_time, update_time ) VALUES ( ?, ?, ?, ?, ?, ?, ?, ?, ? )
2024-10-06 22:57:58,264 DEBUG (BaseJdbcLogger.java:135)- ==> Parameters: 1(Long), 0(String), Ct(String), 13415148310(String), 2393300434(String), 2393300434@qq.com(String), 0(Integer), 2024-10-06T22:57:58.262954800(LocalDateTime), 2024-10-06T22:57:58.262954800(LocalDateTime)
2024-10-06 22:57:58,473 DEBUG (BaseJdbcLogger.java:135)- <==    Updates: 1
2024-10-06 22:58:17,958 DEBUG (BaseJdbcLogger.java:135)- ==>  Preparing: SELECT id,user_id,invite_code,pen_name,tel_phone,chat_account,email,work_direction,status,create_time,update_time FROM author_info WHERE (user_id = ?) limit 1
2024-10-06 22:58:17,959 DEBUG (BaseJdbcLogger.java:135)- ==> Parameters: 1(Long)
2024-10-06 22:58:18,031 DEBUG (BaseJdbcLogger.java:135)- <==      Total: 1
2024-10-06 23:01:51,158 INFO (NamingClientProxyDelegate.java:164)- [SUBSCRIBE-SERVICE] service:book-service, group:DEFAULT_GROUP, clusters: 
2024-10-06 23:01:51,159 INFO (NamingGrpcClientProxy.java:377)- [GRPC-SUBSCRIBE] service:book-service, group:DEFAULT_GROUP, cluster: 
2024-10-06 23:01:51,233 INFO (ServiceInfoHolder.java:169)- init new ips(1) service: DEFAULT_GROUP@@book-service -> [{"instanceId":"192.168.5.1#9020##DEFAULT_GROUP@@book-service","ip":"192.168.5.1","port":9020,"weight":1.0,"healthy":true,"enabled":true,"ephemeral":true,"clusterName":"DEFAULT","serviceName":"DEFAULT_GROUP@@book-service","metadata":{"preserved.register.source":"SPRING_CLOUD","IPv6":"[2408:8459:4e90:a6ed:618c:7ba9:6b3a:d7c9]"},"instanceHeartBeatInterval":5000,"ipDeleteTimeout":30000,"instanceHeartBeatTimeOut":15000}]
2024-10-06 23:01:51,235 INFO (ServiceInfoHolder.java:144)- current ips:(1) service: DEFAULT_GROUP@@book-service -> [{"instanceId":"192.168.5.1#9020##DEFAULT_GROUP@@book-service","ip":"192.168.5.1","port":9020,"weight":1.0,"healthy":true,"enabled":true,"ephemeral":true,"clusterName":"DEFAULT","serviceName":"DEFAULT_GROUP@@book-service","metadata":{"preserved.register.source":"SPRING_CLOUD","IPv6":"[2408:8459:4e90:a6ed:618c:7ba9:6b3a:d7c9]"},"instanceHeartBeatInterval":5000,"ipDeleteTimeout":30000,"instanceHeartBeatTimeOut":15000}]
2024-10-06 23:01:51,778 INFO (LoggerUtils.java:63)- [be3d3a3d-ba90-431c-ba81-a47162248095] Receive server push request, request = NotifySubscriberRequest, requestId = 36
2024-10-06 23:01:51,779 INFO (LoggerUtils.java:63)- [be3d3a3d-ba90-431c-ba81-a47162248095] Ack server push request, request = NotifySubscriberRequest, requestId = 36
2024-10-06 23:03:32,889 INFO (LoggerUtils.java:63)- [be3d3a3d-ba90-431c-ba81-a47162248095] Receive server push request, request = ClientDetectionRequest, requestId = 37
2024-10-06 23:03:32,889 INFO (LoggerUtils.java:63)- [be3d3a3d-ba90-431c-ba81-a47162248095] Ack server push request, request = ClientDetectionRequest, requestId = 37
2024-10-06 23:03:32,889 INFO (LoggerUtils.java:63)- [baf00098-194d-45c7-bda8-1e814329fcd7_config-0] Receive server push request, request = ClientDetectionRequest, requestId = 38
2024-10-06 23:03:32,890 INFO (LoggerUtils.java:63)- [baf00098-194d-45c7-bda8-1e814329fcd7_config-0] Ack server push request, request = ClientDetectionRequest, requestId = 38
2024-10-06 23:05:03,615 WARN (NotifyCenter.java:134)- [NotifyCenter] Start destroying Publisher
2024-10-06 23:05:03,615 WARN (HttpClientBeanHolder.java:102)- [HttpClientBeanHolder] Start destroying common HttpClient
2024-10-06 23:05:03,616 WARN (NotifyCenter.java:151)- [NotifyCenter] Destruction of the end
2024-10-06 23:05:03,617 WARN (HttpClientBeanHolder.java:111)- [HttpClientBeanHolder] Destruction of the end
2024-10-06 23:05:03,624 INFO (Undertow.java:259)- stopping server: Undertow - 2.3.17.Final
2024-10-06 23:05:03,634 INFO (ServletContextImpl.java:372)- Destroying Spring FrameworkServlet 'dispatcherServlet'
2024-10-06 23:05:03,666 INFO (NacosServiceRegistry.java:95)- De-registering from Nacos Server now...
2024-10-06 23:05:03,666 INFO (NamingGrpcClientProxy.java:272)- [DEREGISTER-SERVICE] public deregistering service author-service with instance: Instance{instanceId='null', ip='192.168.5.1', port=9010, weight=1.0, healthy=true, enabled=true, ephemeral=true, clusterName='', serviceName='null', metadata={}}
2024-10-06 23:05:03,753 INFO (NacosServiceRegistry.java:115)- De-registration finished.
2024-10-06 23:05:03,754 INFO (ServiceInfoHolder.java:254)- com.alibaba.nacos.client.naming.cache.ServiceInfoHolder do shutdown begin
2024-10-06 23:05:03,755 INFO (FailoverReactor.java:180)- com.alibaba.nacos.client.naming.backups.FailoverReactor do shutdown begin
2024-10-06 23:05:03,756 INFO (FailoverReactor.java:182)- com.alibaba.nacos.client.naming.backups.FailoverReactor do shutdown stop
2024-10-06 23:05:03,756 INFO (ServiceInfoHolder.java:256)- com.alibaba.nacos.client.naming.cache.ServiceInfoHolder do shutdown stop
2024-10-06 23:05:03,757 INFO (NamingClientProxyDelegate.java:204)- com.alibaba.nacos.client.naming.remote.NamingClientProxyDelegate do shutdown begin
2024-10-06 23:05:03,757 INFO (ServiceInfoUpdateService.java:147)- com.alibaba.nacos.client.naming.core.ServiceInfoUpdateService do shutdown begin
2024-10-06 23:05:03,757 INFO (ServiceInfoUpdateService.java:149)- com.alibaba.nacos.client.naming.core.ServiceInfoUpdateService do shutdown stop
2024-10-06 23:05:03,757 INFO (ServerListManager.java:218)- com.alibaba.nacos.client.naming.core.ServerListManager do shutdown begin
2024-10-06 23:05:03,757 WARN (NamingHttpClientManager.java:71)- [NamingHttpClientManager] Start destroying NacosRestTemplate
2024-10-06 23:05:03,757 WARN (NamingHttpClientManager.java:78)- [NamingHttpClientManager] Destruction of the end
2024-10-06 23:05:03,757 INFO (ServerListManager.java:223)- com.alibaba.nacos.client.naming.core.ServerListManager do shutdown stop
2024-10-06 23:05:03,757 INFO (NamingHttpClientProxy.java:468)- com.alibaba.nacos.client.naming.remote.http.NamingHttpClientProxy do shutdown begin
2024-10-06 23:05:03,757 WARN (NamingHttpClientManager.java:71)- [NamingHttpClientManager] Start destroying NacosRestTemplate
2024-10-06 23:05:03,758 WARN (NamingHttpClientManager.java:78)- [NamingHttpClientManager] Destruction of the end
2024-10-06 23:05:03,758 INFO (NamingHttpClientProxy.java:470)- com.alibaba.nacos.client.naming.remote.http.NamingHttpClientProxy do shutdown stop
2024-10-06 23:05:03,758 INFO (NamingGrpcClientProxy.java:487)- Shutdown naming grpc client proxy for  uuid->be3d3a3d-ba90-431c-ba81-a47162248095
2024-10-06 23:05:03,758 INFO (NamingGrpcRedoService.java:331)- Shutdown grpc redo service executor java.util.concurrent.ScheduledThreadPoolExecutor@65b869b4[Running, pool size = 1, active threads = 0, queued tasks = 1, completed tasks = 368]
2024-10-06 23:05:03,758 INFO (RpcClient.java:425)- Shutdown rpc client, set status to shutdown
2024-10-06 23:05:03,758 INFO (RpcClient.java:427)- Shutdown client event executor java.util.concurrent.ScheduledThreadPoolExecutor@25082311[Running, pool size = 2, active threads = 2, queued tasks = 0, completed tasks = 0]
2024-10-06 23:05:03,758 INFO (RpcClient.java:584)- Close current connection 1728225999906_112.96.82.131_4574
2024-10-06 23:05:03,773 INFO (GrpcClient.java:187)- Shutdown grpc executor java.util.concurrent.ThreadPoolExecutor@23216e17[Running, pool size = 3, active threads = 0, queued tasks = 0, completed tasks = 228]
2024-10-06 23:05:03,773 INFO (NamingGrpcClientProxy.java:497)- shutdown and remove naming rpc client  for uuid ->be3d3a3d-ba90-431c-ba81-a47162248095
2024-10-06 23:05:03,773 INFO (CredentialWatcher.java:107)- [null] CredentialWatcher is stopped
2024-10-06 23:05:03,773 INFO (CredentialService.java:91)- [null] CredentialService is freed
2024-10-06 23:05:03,774 INFO (NamingClientProxyDelegate.java:211)- com.alibaba.nacos.client.naming.remote.NamingClientProxyDelegate do shutdown stop
2024-10-06 23:05:03,811 INFO (HikariDataSource.java:349)- HikariPool-1 - Shutdown initiated...
2024-10-06 23:05:03,830 INFO (HikariDataSource.java:351)- HikariPool-1 - Shutdown completed.
2024-10-06 23:05:14,014 INFO (ParamUtil.java:89)- [settings] [req-serv] nacos-server port:8848
2024-10-06 23:05:14,026 INFO (ParamUtil.java:92)- [settings] [http-client] connect timeout:1000
2024-10-06 23:05:14,030 INFO (CredentialWatcher.java:189)- null No credential found
2024-10-06 23:05:14,031 INFO (ParamUtil.java:97)- PER_TASK_CONFIG_SIZE: 3000.0
2024-10-06 23:05:14,131 INFO (DefaultLabelsCollectorManager.java:48)- DefaultLabelsCollectorManager get labels.....
2024-10-06 23:05:14,132 INFO (DefaultLabelsCollectorManager.java:62)- Process LabelsCollector with [name:defaultNacosLabelsCollector]
2024-10-06 23:05:14,133 INFO (DefaultLabelsCollector.java:62)- default nacos collect properties raw labels: null
2024-10-06 23:05:14,136 INFO (DefaultLabelsCollector.java:69)- default nacos collect properties labels: {}
2024-10-06 23:05:14,136 INFO (DefaultLabelsCollector.java:72)- default nacos collect jvm raw labels: null
2024-10-06 23:05:14,136 INFO (DefaultLabelsCollector.java:78)- default nacos collect jvm labels: {}
2024-10-06 23:05:14,137 INFO (DefaultLabelsCollector.java:81)- default nacos collect env raw labels: null
2024-10-06 23:05:14,137 INFO (DefaultLabelsCollector.java:89)- default nacos collect env labels: {}
2024-10-06 23:05:14,139 INFO (DefaultLabelsCollectorManager.java:50)- DefaultLabelsCollectorManager get labels finished,labels :{}
2024-10-06 23:05:14,188 INFO (ClientAuthPluginManager.java:56)- [ClientAuthPluginManager] Load ClientAuthService com.alibaba.nacos.client.auth.impl.NacosClientAuthServiceImpl success.
2024-10-06 23:05:14,189 INFO (ClientAuthPluginManager.java:56)- [ClientAuthPluginManager] Load ClientAuthService com.alibaba.nacos.client.auth.ram.RamClientAuthServiceImpl success.
2024-10-06 23:05:14,215 INFO (LocalConfigInfoProcessor.java:65)- LOCAL_SNAPSHOT_PATH:C:\Users\86134\nacos\config
2024-10-06 23:05:14,230 INFO (RpcClientFactory.java:118)- [RpcClientFactory] create a new rpc client of 6ad329ba-89e7-4be6-a54c-8e50780c9a45_config-0
2024-10-06 23:05:14,353 INFO (LoggerUtils.java:63)- [6ad329ba-89e7-4be6-a54c-8e50780c9a45_config-0] Register server push request handler:com.alibaba.nacos.client.config.impl.ClientWorker$ConfigRpcTransportClient$$Lambda/0x0000020f2239dda8
2024-10-06 23:05:14,355 INFO (LoggerUtils.java:63)- [6ad329ba-89e7-4be6-a54c-8e50780c9a45_config-0] Register server push request handler:com.alibaba.nacos.client.config.impl.ClientWorker$ConfigRpcTransportClient$$Lambda/0x0000020f2239e1c8
2024-10-06 23:05:14,357 INFO (LoggerUtils.java:63)- [6ad329ba-89e7-4be6-a54c-8e50780c9a45_config-0] Registry connection listener to current client:com.alibaba.nacos.client.config.impl.ClientWorker$ConfigRpcTransportClient$1
2024-10-06 23:05:14,359 INFO (LoggerUtils.java:63)- [6ad329ba-89e7-4be6-a54c-8e50780c9a45_config-0] RpcClient init, ServerListFactory = com.alibaba.nacos.client.config.impl.ClientWorker$ConfigRpcTransportClient$2
2024-10-06 23:05:14,386 INFO (LoggerUtils.java:63)- [6ad329ba-89e7-4be6-a54c-8e50780c9a45_config-0] Try to connect to server on start up, server: {serverIp = '117.72.77.186', server main port = 8848}
2024-10-06 23:05:14,551 INFO (GrpcClient.java:210)- grpc client connection server:117.72.77.186 ip,serverPort:9848,grpcTslConfig:{"sslProvider":"","enableTls":false,"mutualAuthEnable":false,"trustAll":false}
2024-10-06 23:05:16,726 INFO (AbstractAbilityControlManager.java:61)- Ready to get current node abilities...
2024-10-06 23:05:16,734 INFO (AbstractAbilityControlManager.java:89)- Ready to initialize current node abilities, support modes: [SDK_CLIENT]
2024-10-06 23:05:16,737 INFO (AbstractAbilityControlManager.java:94)- Initialize current abilities finish...
2024-10-06 23:05:16,739 INFO (NacosAbilityManagerHolder.java:85)- [AbilityControlManager] Successfully initialize AbilityControlManager
2024-10-06 23:05:16,846 INFO (LoggerUtils.java:63)- [6ad329ba-89e7-4be6-a54c-8e50780c9a45_config-0] Success to connect to server [117.72.77.186:8848] on start up, connectionId = 1728227145174_112.96.82.131_5011
2024-10-06 23:05:16,848 INFO (LoggerUtils.java:63)- [6ad329ba-89e7-4be6-a54c-8e50780c9a45_config-0] Notify connected event to listeners.
2024-10-06 23:05:16,848 INFO (ClientWorker.java:713)- [6ad329ba-89e7-4be6-a54c-8e50780c9a45_config-0] Connected,notify listen context...
2024-10-06 23:05:16,849 INFO (LoggerUtils.java:63)- [6ad329ba-89e7-4be6-a54c-8e50780c9a45_config-0] Register server push request handler:com.alibaba.nacos.common.remote.client.RpcClient$ConnectResetRequestHandler
2024-10-06 23:05:16,850 INFO (LoggerUtils.java:63)- [6ad329ba-89e7-4be6-a54c-8e50780c9a45_config-0] Register server push request handler:com.alibaba.nacos.common.remote.client.RpcClient$$Lambda/0x0000020f22544308
2024-10-06 23:05:17,074 INFO (Limiter.java:55)- limitTime:5.0
2024-10-06 23:05:17,192 INFO (JvmUtil.java:59)- isMultiInstance:false
2024-10-06 23:05:17,404 WARN (NacosPropertySourceBuilder.java:97)- Ignore the empty nacos configuration and get it based on dataId[author-service] & group[DEFAULT_GROUP]
2024-10-06 23:05:17,479 WARN (NacosPropertySourceBuilder.java:97)- Ignore the empty nacos configuration and get it based on dataId[author-service.yml] & group[DEFAULT_GROUP]
2024-10-06 23:05:17,545 WARN (NacosPropertySourceBuilder.java:97)- Ignore the empty nacos configuration and get it based on dataId[author-service-common.yml] & group[DEFAULT_GROUP]
2024-10-06 23:05:17,609 WARN (NacosPropertySourceBuilder.java:97)- Ignore the empty nacos configuration and get it based on dataId[author-service-dev.yml] & group[DEFAULT_GROUP]
2024-10-06 23:05:17,611 INFO (PropertySourceBootstrapConfiguration.java:133)- Located property source: [BootstrapPropertySource {name='bootstrapProperties-author-service-dev.yml,DEFAULT_GROUP'}, BootstrapPropertySource {name='bootstrapProperties-author-service-common.yml,DEFAULT_GROUP'}, BootstrapPropertySource {name='bootstrapProperties-author-service.yml,DEFAULT_GROUP'}, BootstrapPropertySource {name='bootstrapProperties-author-service,DEFAULT_GROUP'}, BootstrapPropertySource {name='bootstrapProperties-spring-book-rabbitmq.yml,DEFAULT_GROUP'}, BootstrapPropertySource {name='bootstrapProperties-spring-book-redis.yml,DEFAULT_GROUP'}, BootstrapPropertySource {name='bootstrapProperties-spring-book-mysql.yml,DEFAULT_GROUP'}]
2024-10-06 23:05:17,628 INFO (SpringApplication.java:660)- The following 2 profiles are active: "common", "dev"
2024-10-06 23:05:20,834 INFO (RepositoryConfigurationDelegate.java:295)- Multiple Spring Data modules found, entering strict repository configuration mode
2024-10-06 23:05:20,845 INFO (RepositoryConfigurationDelegate.java:143)- Bootstrapping Spring Data Redis repositories in DEFAULT mode.
2024-10-06 23:05:20,906 INFO (RepositoryConfigurationDelegate.java:211)- Finished Spring Data repository scanning in 27 ms. Found 0 Redis repository interfaces.
2024-10-06 23:05:21,518 INFO (GenericScope.java:282)- BeanFactory id=d6391c0d-24d1-3fc8-89f7-33390695406b
2024-10-06 23:05:23,113 WARN (PostProcessorRegistrationDelegate.java:429)- Bean 'org.springframework.cloud.client.loadbalancer.LoadBalancerAutoConfiguration$DeferringLoadBalancerInterceptorConfig' of type [org.springframework.cloud.client.loadbalancer.LoadBalancerAutoConfiguration$DeferringLoadBalancerInterceptorConfig] is not eligible for getting processed by all BeanPostProcessors (for example: not eligible for auto-proxying). The currently created BeanPostProcessor [lbRestClientPostProcessor] is declared through a non-static factory method on that class; consider declaring it as static instead.
2024-10-06 23:05:23,120 WARN (PostProcessorRegistrationDelegate.java:437)- Bean 'deferringLoadBalancerInterceptor' of type [org.springframework.cloud.client.loadbalancer.DeferringLoadBalancerInterceptor] is not eligible for getting processed by all BeanPostProcessors (for example: not eligible for auto-proxying). Is this bean getting eagerly injected into a currently created BeanPostProcessor [lbRestClientPostProcessor]? Check the corresponding BeanPostProcessor declaration and its dependencies.
2024-10-06 23:05:23,640 WARN (Bootstrap.java:68)- UT026010: Buffer pool was not set on WebSocketDeploymentInfo, the default pool will be used
2024-10-06 23:05:23,698 INFO (ServletContextImpl.java:372)- Initializing Spring embedded WebApplicationContext
2024-10-06 23:05:23,699 INFO (ServletWebServerApplicationContext.java:296)- Root WebApplicationContext: initialization completed in 6028 ms
2024-10-06 23:05:25,624 INFO (FeignClientFactoryBean.java:468)- For 'book-service' URL not provided. Will try picking an instance via load-balancing.
2024-10-06 23:05:26,374 INFO (Version.java:43)- Redisson 3.36.0
2024-10-06 23:05:27,321 INFO (ConnectionsHolder.java:130)- 1 connections initialized for 117.72.77.186/117.72.77.186:6379
2024-10-06 23:05:31,938 INFO (ConnectionsHolder.java:130)- 1 connections initialized for 117.72.77.186/117.72.77.186:6379
2024-10-06 23:05:35,042 INFO (ConnectionsHolder.java:130)- 24 connections initialized for 117.72.77.186/117.72.77.186:6379
2024-10-06 23:05:35,557 INFO (SentinelWebMvcConfigurer.java:52)- [Sentinel Starter] register SentinelWebInterceptor with urlPatterns: [/**].
2024-10-06 23:05:38,934 INFO (EndpointLinksResolver.java:60)- Exposing 21 endpoints beneath base path '/actuator'
2024-10-06 23:05:39,178 INFO (Undertow.java:120)- starting server: Undertow - 2.3.17.Final
2024-10-06 23:05:39,196 INFO (Xnio.java:95)- XNIO version 3.8.16.Final
2024-10-06 23:05:39,216 INFO (NioXnio.java:58)- XNIO NIO Implementation Version 3.8.16.Final
2024-10-06 23:05:39,277 INFO (Version.java:55)- JBoss Threads version 3.5.0.Final
2024-10-06 23:05:39,396 INFO (UndertowWebServer.java:121)- Undertow started on port 9010 (http) with context path '/'
2024-10-06 23:05:39,404 INFO (InitUtils.java:62)- initializer namespace from ans.namespace attribute : null
2024-10-06 23:05:39,404 INFO (InitUtils.java:66)- initializer namespace from ALIBABA_ALIWARE_NAMESPACE attribute :null
2024-10-06 23:05:39,405 INFO (InitUtils.java:73)- initializer namespace from namespace attribute :null
2024-10-06 23:05:39,415 INFO (FailoverReactor.java:74)- FailoverDataSource type is class com.alibaba.nacos.client.naming.backups.datasource.DiskFailoverDataSource
2024-10-06 23:05:39,424 INFO (ClientAuthPluginManager.java:56)- [ClientAuthPluginManager] Load ClientAuthService com.alibaba.nacos.client.auth.impl.NacosClientAuthServiceImpl success.
2024-10-06 23:05:39,424 INFO (ClientAuthPluginManager.java:56)- [ClientAuthPluginManager] Load ClientAuthService com.alibaba.nacos.client.auth.ram.RamClientAuthServiceImpl success.
2024-10-06 23:05:39,430 INFO (RpcClientFactory.java:118)- [RpcClientFactory] create a new rpc client of 6b6a5e06-45fc-4f81-b793-93f00b0d0773
2024-10-06 23:05:39,435 INFO (NamingGrpcClientProxy.java:109)- Create naming rpc client for uuid->6b6a5e06-45fc-4f81-b793-93f00b0d0773
2024-10-06 23:05:39,435 INFO (LoggerUtils.java:63)- [6b6a5e06-45fc-4f81-b793-93f00b0d0773] RpcClient init, ServerListFactory = com.alibaba.nacos.client.naming.core.ServerListManager
2024-10-06 23:05:39,435 INFO (LoggerUtils.java:63)- [6b6a5e06-45fc-4f81-b793-93f00b0d0773] Registry connection listener to current client:com.alibaba.nacos.client.naming.remote.gprc.redo.NamingGrpcRedoService
2024-10-06 23:05:39,436 INFO (LoggerUtils.java:63)- [6b6a5e06-45fc-4f81-b793-93f00b0d0773] Register server push request handler:com.alibaba.nacos.client.naming.remote.gprc.NamingPushRequestHandler
2024-10-06 23:05:39,437 INFO (LoggerUtils.java:63)- [6b6a5e06-45fc-4f81-b793-93f00b0d0773] Try to connect to server on start up, server: {serverIp = '117.72.77.186', server main port = 8848}
2024-10-06 23:05:39,437 INFO (GrpcClient.java:210)- grpc client connection server:117.72.77.186 ip,serverPort:9848,grpcTslConfig:{"sslProvider":"","enableTls":false,"mutualAuthEnable":false,"trustAll":false}
2024-10-06 23:05:39,704 INFO (LoggerUtils.java:63)- [6b6a5e06-45fc-4f81-b793-93f00b0d0773] Success to connect to server [117.72.77.186:8848] on start up, connectionId = 1728227168348_112.96.82.131_36835
2024-10-06 23:05:39,705 INFO (LoggerUtils.java:63)- [6b6a5e06-45fc-4f81-b793-93f00b0d0773] Register server push request handler:com.alibaba.nacos.common.remote.client.RpcClient$ConnectResetRequestHandler
2024-10-06 23:05:39,705 INFO (LoggerUtils.java:63)- [6b6a5e06-45fc-4f81-b793-93f00b0d0773] Notify connected event to listeners.
2024-10-06 23:05:39,705 INFO (LoggerUtils.java:63)- [6b6a5e06-45fc-4f81-b793-93f00b0d0773] Register server push request handler:com.alibaba.nacos.common.remote.client.RpcClient$$Lambda/0x0000020f22544308
2024-10-06 23:05:39,705 INFO (NamingGrpcRedoService.java:90)- Grpc connection connect
2024-10-06 23:05:39,707 INFO (NamingGrpcClientProxy.java:133)- [REGISTER-SERVICE] public registering service author-service with instance Instance{instanceId='null', ip='192.168.5.1', port=9010, weight=1.0, healthy=true, enabled=true, ephemeral=true, clusterName='', serviceName='null', metadata={IPv6=[2408:8459:4e90:3e5d:e8fb:4778:dc07:f82c], preserved.register.source=SPRING_CLOUD}}
2024-10-06 23:05:39,784 INFO (NacosServiceRegistry.java:76)- nacos registry, DEFAULT_GROUP author-service 192.168.5.1:9010 register finished
2024-10-06 23:05:39,803 INFO (StartupInfoLogger.java:56)- Started AuthorApplication in 28.594 seconds (process running for 30.118)
2024-10-06 23:05:39,810 INFO (CacheData.java:72)- config listener notify warn timeout millis use default 60000 millis 
2024-10-06 23:05:39,810 INFO (CacheData.java:99)- nacos.cache.data.init.snapshot = true 
2024-10-06 23:05:39,812 INFO (ClientWorker.java:416)- [fixed-117.72.77.186_8848] [subscribe] spring-book-rabbitmq.yml+DEFAULT_GROUP
2024-10-06 23:05:39,832 INFO (CacheData.java:236)- [fixed-117.72.77.186_8848] [add-listener] ok, tenant=, dataId=spring-book-rabbitmq.yml, group=DEFAULT_GROUP, cnt=1
2024-10-06 23:05:39,833 INFO (NacosContextRefresher.java:140)- [Nacos Config] Listening config: dataId=spring-book-rabbitmq.yml, group=DEFAULT_GROUP
2024-10-06 23:05:39,833 INFO (ClientWorker.java:416)- [fixed-117.72.77.186_8848] [subscribe] author-service-dev.yml+DEFAULT_GROUP
2024-10-06 23:05:39,834 INFO (CacheData.java:236)- [fixed-117.72.77.186_8848] [add-listener] ok, tenant=, dataId=author-service-dev.yml, group=DEFAULT_GROUP, cnt=1
2024-10-06 23:05:39,834 INFO (NacosContextRefresher.java:140)- [Nacos Config] Listening config: dataId=author-service-dev.yml, group=DEFAULT_GROUP
2024-10-06 23:05:39,834 INFO (ClientWorker.java:416)- [fixed-117.72.77.186_8848] [subscribe] author-service.yml+DEFAULT_GROUP
2024-10-06 23:05:39,835 INFO (CacheData.java:236)- [fixed-117.72.77.186_8848] [add-listener] ok, tenant=, dataId=author-service.yml, group=DEFAULT_GROUP, cnt=1
2024-10-06 23:05:39,835 INFO (NacosContextRefresher.java:140)- [Nacos Config] Listening config: dataId=author-service.yml, group=DEFAULT_GROUP
2024-10-06 23:05:39,835 INFO (ClientWorker.java:416)- [fixed-117.72.77.186_8848] [subscribe] author-service-common.yml+DEFAULT_GROUP
2024-10-06 23:05:39,836 INFO (CacheData.java:236)- [fixed-117.72.77.186_8848] [add-listener] ok, tenant=, dataId=author-service-common.yml, group=DEFAULT_GROUP, cnt=1
2024-10-06 23:05:39,836 INFO (NacosContextRefresher.java:140)- [Nacos Config] Listening config: dataId=author-service-common.yml, group=DEFAULT_GROUP
2024-10-06 23:05:39,837 INFO (ClientWorker.java:416)- [fixed-117.72.77.186_8848] [subscribe] spring-book-redis.yml+DEFAULT_GROUP
2024-10-06 23:05:39,838 INFO (CacheData.java:236)- [fixed-117.72.77.186_8848] [add-listener] ok, tenant=, dataId=spring-book-redis.yml, group=DEFAULT_GROUP, cnt=1
2024-10-06 23:05:39,838 INFO (NacosContextRefresher.java:140)- [Nacos Config] Listening config: dataId=spring-book-redis.yml, group=DEFAULT_GROUP
2024-10-06 23:05:39,840 INFO (ClientWorker.java:416)- [fixed-117.72.77.186_8848] [subscribe] spring-book-mysql.yml+DEFAULT_GROUP
2024-10-06 23:05:39,840 INFO (CacheData.java:236)- [fixed-117.72.77.186_8848] [add-listener] ok, tenant=, dataId=spring-book-mysql.yml, group=DEFAULT_GROUP, cnt=1
2024-10-06 23:05:39,840 INFO (NacosContextRefresher.java:140)- [Nacos Config] Listening config: dataId=spring-book-mysql.yml, group=DEFAULT_GROUP
2024-10-06 23:05:39,840 INFO (ClientWorker.java:416)- [fixed-117.72.77.186_8848] [subscribe] author-service+DEFAULT_GROUP
2024-10-06 23:05:39,841 INFO (CacheData.java:236)- [fixed-117.72.77.186_8848] [add-listener] ok, tenant=, dataId=author-service, group=DEFAULT_GROUP, cnt=1
2024-10-06 23:05:39,841 INFO (NacosContextRefresher.java:140)- [Nacos Config] Listening config: dataId=author-service, group=DEFAULT_GROUP
2024-10-06 23:06:00,511 INFO (ServletContextImpl.java:372)- Initializing Spring DispatcherServlet 'dispatcherServlet'
2024-10-06 23:06:00,511 INFO (FrameworkServlet.java:532)- Initializing Servlet 'dispatcherServlet'
2024-10-06 23:06:00,515 INFO (FrameworkServlet.java:554)- Completed initialization in 4 ms
2024-10-06 23:06:05,185 INFO (NamingClientProxyDelegate.java:164)- [SUBSCRIBE-SERVICE] service:book-service, group:DEFAULT_GROUP, clusters: 
2024-10-06 23:06:05,185 INFO (NamingGrpcClientProxy.java:377)- [GRPC-SUBSCRIBE] service:book-service, group:DEFAULT_GROUP, cluster: 
2024-10-06 23:06:05,255 INFO (ServiceInfoHolder.java:169)- init new ips(1) service: DEFAULT_GROUP@@book-service -> [{"instanceId":"192.168.5.1#9020##DEFAULT_GROUP@@book-service","ip":"192.168.5.1","port":9020,"weight":1.0,"healthy":true,"enabled":true,"ephemeral":true,"clusterName":"DEFAULT","serviceName":"DEFAULT_GROUP@@book-service","metadata":{"preserved.register.source":"SPRING_CLOUD","IPv6":"[2408:8459:4e90:3e5d:e8fb:4778:dc07:f82c]"},"instanceHeartBeatInterval":5000,"instanceHeartBeatTimeOut":15000,"ipDeleteTimeout":30000}]
2024-10-06 23:06:05,257 INFO (ServiceInfoHolder.java:144)- current ips:(1) service: DEFAULT_GROUP@@book-service -> [{"instanceId":"192.168.5.1#9020##DEFAULT_GROUP@@book-service","ip":"192.168.5.1","port":9020,"weight":1.0,"healthy":true,"enabled":true,"ephemeral":true,"clusterName":"DEFAULT","serviceName":"DEFAULT_GROUP@@book-service","metadata":{"preserved.register.source":"SPRING_CLOUD","IPv6":"[2408:8459:4e90:3e5d:e8fb:4778:dc07:f82c]"},"instanceHeartBeatInterval":5000,"instanceHeartBeatTimeOut":15000,"ipDeleteTimeout":30000}]
2024-10-06 23:06:05,784 INFO (LoggerUtils.java:63)- [6b6a5e06-45fc-4f81-b793-93f00b0d0773] Receive server push request, request = NotifySubscriberRequest, requestId = 39
2024-10-06 23:06:05,785 INFO (LoggerUtils.java:63)- [6b6a5e06-45fc-4f81-b793-93f00b0d0773] Ack server push request, request = NotifySubscriberRequest, requestId = 39
2024-10-06 23:36:20,358 ERROR (CommonExceptionHandler.java:25)- Validation failed for argument [1] in public com.cuctut.common.resp.RestResp<java.lang.Void> com.cuctut.author.controller.AuthorController.publishBookChapter(java.lang.Long,com.cuctut.book.dto.req.ChapterAddReqDto): [Field error in object 'chapterAddReqDto' on field 'chapterContent': rejected value []; codes [Length.chapterAddReqDto.chapterContent,Length.chapterContent,Length.java.lang.String,Length]; arguments [org.springframework.context.support.DefaultMessageSourceResolvable: codes [chapterAddReqDto.chapterContent,chapterContent]; arguments []; default message [chapterContent],2147483647,50]; default message [502147483647]] 
org.springframework.web.bind.MethodArgumentNotValidException: Validation failed for argument [1] in public com.cuctut.common.resp.RestResp<java.lang.Void> com.cuctut.author.controller.AuthorController.publishBookChapter(java.lang.Long,com.cuctut.book.dto.req.ChapterAddReqDto): [Field error in object 'chapterAddReqDto' on field 'chapterContent': rejected value []; codes [Length.chapterAddReqDto.chapterContent,Length.chapterContent,Length.java.lang.String,Length]; arguments [org.springframework.context.support.DefaultMessageSourceResolvable: codes [chapterAddReqDto.chapterContent,chapterContent]; arguments []; default message [chapterContent],2147483647,50]; default message [502147483647]] 
	at org.springframework.web.servlet.mvc.method.annotation.RequestResponseBodyMethodProcessor.resolveArgument(RequestResponseBodyMethodProcessor.java:144)
	at org.springframework.web.method.support.HandlerMethodArgumentResolverComposite.resolveArgument(HandlerMethodArgumentResolverComposite.java:122)
	at org.springframework.web.method.support.InvocableHandlerMethod.getMethodArgumentValues(InvocableHandlerMethod.java:224)
	at org.springframework.web.method.support.InvocableHandlerMethod.invokeForRequest(InvocableHandlerMethod.java:178)
	at org.springframework.web.servlet.mvc.method.annotation.ServletInvocableHandlerMethod.invokeAndHandle(ServletInvocableHandlerMethod.java:118)
	at org.springframework.web.servlet.mvc.method.annotation.RequestMappingHandlerAdapter.invokeHandlerMethod(RequestMappingHandlerAdapter.java:926)
	at org.springframework.web.servlet.mvc.method.annotation.RequestMappingHandlerAdapter.handleInternal(RequestMappingHandlerAdapter.java:831)
	at org.springframework.web.servlet.mvc.method.AbstractHandlerMethodAdapter.handle(AbstractHandlerMethodAdapter.java:87)
	at org.springframework.web.servlet.DispatcherServlet.doDispatch(DispatcherServlet.java:1089)
	at org.springframework.web.servlet.DispatcherServlet.doService(DispatcherServlet.java:979)
	at org.springframework.web.servlet.FrameworkServlet.processRequest(FrameworkServlet.java:1014)
	at org.springframework.web.servlet.FrameworkServlet.doPost(FrameworkServlet.java:914)
	at jakarta.servlet.http.HttpServlet.service(HttpServlet.java:547)
	at org.springframework.web.servlet.FrameworkServlet.service(FrameworkServlet.java:885)
	at jakarta.servlet.http.HttpServlet.service(HttpServlet.java:614)
	at io.undertow.servlet.handlers.ServletHandler.handleRequest(ServletHandler.java:74)
	at io.undertow.servlet.handlers.FilterHandler$FilterChainImpl.doFilter(FilterHandler.java:129)
	at com.cuctut.config.filter.XssFilter.doFilter(XssFilter.java:48)
	at io.undertow.servlet.core.ManagedFilter.doFilter(ManagedFilter.java:67)
	at io.undertow.servlet.handlers.FilterHandler$FilterChainImpl.doFilter(FilterHandler.java:131)
	at org.springframework.web.filter.RequestContextFilter.doFilterInternal(RequestContextFilter.java:100)
	at org.springframework.web.filter.OncePerRequestFilter.doFilter(OncePerRequestFilter.java:116)
	at io.undertow.servlet.core.ManagedFilter.doFilter(ManagedFilter.java:67)
	at io.undertow.servlet.handlers.FilterHandler$FilterChainImpl.doFilter(FilterHandler.java:131)
	at org.springframework.web.filter.FormContentFilter.doFilterInternal(FormContentFilter.java:93)
	at org.springframework.web.filter.OncePerRequestFilter.doFilter(OncePerRequestFilter.java:116)
	at io.undertow.servlet.core.ManagedFilter.doFilter(ManagedFilter.java:67)
	at io.undertow.servlet.handlers.FilterHandler$FilterChainImpl.doFilter(FilterHandler.java:131)
	at org.springframework.web.filter.ServerHttpObservationFilter.doFilterInternal(ServerHttpObservationFilter.java:113)
	at org.springframework.web.filter.OncePerRequestFilter.doFilter(OncePerRequestFilter.java:116)
	at io.undertow.servlet.core.ManagedFilter.doFilter(ManagedFilter.java:67)
	at io.undertow.servlet.handlers.FilterHandler$FilterChainImpl.doFilter(FilterHandler.java:131)
	at org.springframework.web.filter.CharacterEncodingFilter.doFilterInternal(CharacterEncodingFilter.java:201)
	at org.springframework.web.filter.OncePerRequestFilter.doFilter(OncePerRequestFilter.java:116)
	at io.undertow.servlet.core.ManagedFilter.doFilter(ManagedFilter.java:67)
	at io.undertow.servlet.handlers.FilterHandler$FilterChainImpl.doFilter(FilterHandler.java:131)
	at io.undertow.servlet.handlers.FilterHandler.handleRequest(FilterHandler.java:84)
	at io.undertow.servlet.handlers.security.ServletSecurityRoleHandler.handleRequest(ServletSecurityRoleHandler.java:62)
	at io.undertow.servlet.handlers.ServletChain$1.handleRequest(ServletChain.java:68)
	at io.undertow.servlet.handlers.ServletDispatchingHandler.handleRequest(ServletDispatchingHandler.java:36)
	at io.undertow.servlet.handlers.RedirectDirHandler.handleRequest(RedirectDirHandler.java:68)
	at io.undertow.servlet.handlers.security.SSLInformationAssociationHandler.handleRequest(SSLInformationAssociationHandler.java:117)
	at io.undertow.servlet.handlers.security.ServletAuthenticationCallHandler.handleRequest(ServletAuthenticationCallHandler.java:57)
	at io.undertow.server.handlers.PredicateHandler.handleRequest(PredicateHandler.java:43)
	at io.undertow.security.handlers.AbstractConfidentialityHandler.handleRequest(AbstractConfidentialityHandler.java:46)
	at io.undertow.servlet.handlers.security.ServletConfidentialityConstraintHandler.handleRequest(ServletConfidentialityConstraintHandler.java:64)
	at io.undertow.security.handlers.AuthenticationMechanismsHandler.handleRequest(AuthenticationMechanismsHandler.java:60)
	at io.undertow.servlet.handlers.security.CachedAuthenticatedSessionHandler.handleRequest(CachedAuthenticatedSessionHandler.java:77)
	at io.undertow.security.handlers.AbstractSecurityContextAssociationHandler.handleRequest(AbstractSecurityContextAssociationHandler.java:43)
	at io.undertow.server.handlers.PredicateHandler.handleRequest(PredicateHandler.java:43)
	at io.undertow.servlet.handlers.SendErrorPageHandler.handleRequest(SendErrorPageHandler.java:52)
	at io.undertow.server.handlers.PredicateHandler.handleRequest(PredicateHandler.java:43)
	at io.undertow.servlet.handlers.ServletInitialHandler.handleFirstRequest(ServletInitialHandler.java:276)
	at io.undertow.servlet.handlers.ServletInitialHandler$2.call(ServletInitialHandler.java:135)
	at io.undertow.servlet.handlers.ServletInitialHandler$2.call(ServletInitialHandler.java:132)
	at io.undertow.servlet.core.ServletRequestContextThreadSetupAction$1.call(ServletRequestContextThreadSetupAction.java:48)
	at io.undertow.servlet.core.ContextClassLoaderSetupAction$1.call(ContextClassLoaderSetupAction.java:43)
	at io.undertow.servlet.handlers.ServletInitialHandler.dispatchRequest(ServletInitialHandler.java:256)
	at io.undertow.servlet.handlers.ServletInitialHandler$1.handleRequest(ServletInitialHandler.java:101)
	at io.undertow.server.Connectors.executeRootHandler(Connectors.java:395)
	at io.undertow.server.HttpServerExchange$1.run(HttpServerExchange.java:859)
	at org.jboss.threads.ContextHandler$1.runWith(ContextHandler.java:18)
	at org.jboss.threads.EnhancedQueueExecutor$Task.run(EnhancedQueueExecutor.java:2513)
	at org.jboss.threads.EnhancedQueueExecutor$ThreadBody.run(EnhancedQueueExecutor.java:1538)
	at org.xnio.XnioWorker$WorkerThreadFactory$1$1.run(XnioWorker.java:1282)
	at java.base/java.lang.Thread.run(Thread.java:1583)
2024-10-06 23:41:29,832 WARN (HttpClientBeanHolder.java:102)- [HttpClientBeanHolder] Start destroying common HttpClient
2024-10-06 23:41:29,832 WARN (NotifyCenter.java:134)- [NotifyCenter] Start destroying Publisher
2024-10-06 23:41:29,833 WARN (NotifyCenter.java:151)- [NotifyCenter] Destruction of the end
2024-10-06 23:41:29,836 WARN (HttpClientBeanHolder.java:111)- [HttpClientBeanHolder] Destruction of the end
2024-10-06 23:41:29,874 INFO (Undertow.java:259)- stopping server: Undertow - 2.3.17.Final
2024-10-06 23:41:29,888 INFO (ServletContextImpl.java:372)- Destroying Spring FrameworkServlet 'dispatcherServlet'
2024-10-06 23:41:29,925 INFO (NacosServiceRegistry.java:95)- De-registering from Nacos Server now...
2024-10-06 23:41:29,925 INFO (NamingGrpcClientProxy.java:272)- [DEREGISTER-SERVICE] public deregistering service author-service with instance: Instance{instanceId='null', ip='192.168.5.1', port=9010, weight=1.0, healthy=true, enabled=true, ephemeral=true, clusterName='', serviceName='null', metadata={}}
2024-10-06 23:41:30,002 INFO (NacosServiceRegistry.java:115)- De-registration finished.
2024-10-06 23:41:30,004 INFO (ServiceInfoHolder.java:254)- com.alibaba.nacos.client.naming.cache.ServiceInfoHolder do shutdown begin
2024-10-06 23:41:30,004 INFO (FailoverReactor.java:180)- com.alibaba.nacos.client.naming.backups.FailoverReactor do shutdown begin
2024-10-06 23:41:30,005 INFO (FailoverReactor.java:182)- com.alibaba.nacos.client.naming.backups.FailoverReactor do shutdown stop
2024-10-06 23:41:30,005 INFO (ServiceInfoHolder.java:256)- com.alibaba.nacos.client.naming.cache.ServiceInfoHolder do shutdown stop
2024-10-06 23:41:30,005 INFO (NamingClientProxyDelegate.java:204)- com.alibaba.nacos.client.naming.remote.NamingClientProxyDelegate do shutdown begin
2024-10-06 23:41:30,005 INFO (ServiceInfoUpdateService.java:147)- com.alibaba.nacos.client.naming.core.ServiceInfoUpdateService do shutdown begin
2024-10-06 23:41:30,006 INFO (ServiceInfoUpdateService.java:149)- com.alibaba.nacos.client.naming.core.ServiceInfoUpdateService do shutdown stop
2024-10-06 23:41:30,006 INFO (ServerListManager.java:218)- com.alibaba.nacos.client.naming.core.ServerListManager do shutdown begin
2024-10-06 23:41:30,006 WARN (NamingHttpClientManager.java:71)- [NamingHttpClientManager] Start destroying NacosRestTemplate
2024-10-06 23:41:30,006 WARN (NamingHttpClientManager.java:78)- [NamingHttpClientManager] Destruction of the end
2024-10-06 23:41:30,007 INFO (ServerListManager.java:223)- com.alibaba.nacos.client.naming.core.ServerListManager do shutdown stop
2024-10-06 23:41:30,007 INFO (NamingHttpClientProxy.java:468)- com.alibaba.nacos.client.naming.remote.http.NamingHttpClientProxy do shutdown begin
2024-10-06 23:41:30,007 WARN (NamingHttpClientManager.java:71)- [NamingHttpClientManager] Start destroying NacosRestTemplate
2024-10-06 23:41:30,007 WARN (NamingHttpClientManager.java:78)- [NamingHttpClientManager] Destruction of the end
2024-10-06 23:41:30,007 INFO (NamingHttpClientProxy.java:470)- com.alibaba.nacos.client.naming.remote.http.NamingHttpClientProxy do shutdown stop
2024-10-06 23:41:30,008 INFO (NamingGrpcClientProxy.java:487)- Shutdown naming grpc client proxy for  uuid->6b6a5e06-45fc-4f81-b793-93f00b0d0773
2024-10-06 23:41:30,008 INFO (NamingGrpcRedoService.java:331)- Shutdown grpc redo service executor java.util.concurrent.ScheduledThreadPoolExecutor@7d6c4c43[Running, pool size = 1, active threads = 0, queued tasks = 1, completed tasks = 714]
2024-10-06 23:41:30,009 INFO (RpcClient.java:425)- Shutdown rpc client, set status to shutdown
2024-10-06 23:41:30,009 INFO (RpcClient.java:427)- Shutdown client event executor java.util.concurrent.ScheduledThreadPoolExecutor@629e9957[Running, pool size = 2, active threads = 2, queued tasks = 0, completed tasks = 0]
2024-10-06 23:41:30,009 INFO (RpcClient.java:584)- Close current connection 1728227168348_112.96.82.131_36835
2024-10-06 23:41:30,024 INFO (GrpcClient.java:187)- Shutdown grpc executor java.util.concurrent.ThreadPoolExecutor@23327c53[Running, pool size = 3, active threads = 0, queued tasks = 0, completed tasks = 423]
2024-10-06 23:41:30,024 INFO (NamingGrpcClientProxy.java:497)- shutdown and remove naming rpc client  for uuid ->6b6a5e06-45fc-4f81-b793-93f00b0d0773
2024-10-06 23:41:30,024 INFO (CredentialWatcher.java:107)- [null] CredentialWatcher is stopped
2024-10-06 23:41:30,025 INFO (CredentialService.java:91)- [null] CredentialService is freed
2024-10-06 23:41:30,025 INFO (NamingClientProxyDelegate.java:211)- com.alibaba.nacos.client.naming.remote.NamingClientProxyDelegate do shutdown stop
